

Started GET "/" for ::1 at 2015-09-28 18:49:27 -0700
Processing by Rails::WelcomeController#index as HTML
  Rendered /Users/rliaw/.rvm/gems/ruby-2.2.1/gems/railties-4.2.4/lib/rails/templates/rails/welcome/index.html.erb (2.6ms)
Completed 200 OK in 26ms (Views: 16.3ms | ActiveRecord: 0.0ms)


Started GET "/" for ::1 at 2015-09-28 19:00:06 -0700
Processing by Rails::WelcomeController#index as HTML
  Rendered /Users/rliaw/.rvm/gems/ruby-2.2.1/gems/railties-4.2.4/lib/rails/templates/rails/welcome/index.html.erb (2.6ms)
Completed 200 OK in 23ms (Views: 13.7ms | ActiveRecord: 0.0ms)


Started GET "/" for ::1 at 2015-09-28 19:00:07 -0700
Processing by Rails::WelcomeController#index as HTML
  Rendered /Users/rliaw/.rvm/gems/ruby-2.2.1/gems/railties-4.2.4/lib/rails/templates/rails/welcome/index.html.erb (0.0ms)
Completed 200 OK in 2ms (Views: 1.8ms | ActiveRecord: 0.0ms)


Started GET "/" for ::1 at 2015-09-28 19:00:07 -0700
Processing by Rails::WelcomeController#index as HTML
  Rendered /Users/rliaw/.rvm/gems/ruby-2.2.1/gems/railties-4.2.4/lib/rails/templates/rails/welcome/index.html.erb (0.0ms)
Completed 200 OK in 3ms (Views: 2.2ms | ActiveRecord: 0.0ms)


Started GET "/" for ::1 at 2015-09-28 19:00:24 -0700
Processing by StaticPagesController#home as HTML
  Rendered static_pages/home.html.erb within layouts/application (0.6ms)
Completed 200 OK in 4019ms (Views: 4018.5ms | ActiveRecord: 0.0ms)


Started GET "/assets/custom.self-7230b676fb3da8f1dc8d28b23e48cc6a276826c06825b6e43e9f11416f267fde.css?body=1" for ::1 at 2015-09-28 19:00:28 -0700


Started GET "/assets/static_pages.self-e3b0c44298fc1c149afbf4c8996fb92427ae41e4649b934ca495991b7852b855.css?body=1" for ::1 at 2015-09-28 19:00:28 -0700


Started GET "/assets/jquery.self-a714331225dda820228db323939889f149aec0127aeb06255646b616ba1ca419.js?body=1" for ::1 at 2015-09-28 19:00:28 -0700


Started GET "/assets/application.self-e80e8f2318043e8af94dddc2adad5a4f09739a8ebb323b3ab31cd71d45fd9113.css?body=1" for ::1 at 2015-09-28 19:00:28 -0700


Started GET "/assets/jquery_ujs.self-d456baa54c1fa6be2ec3711f0a72ddf7a5b2f34a6b4f515f33767d6207b7d4b3.js?body=1" for ::1 at 2015-09-28 19:00:28 -0700


Started GET "/assets/bootstrap/affix.self-f7aef9d98ee5ece34a6a92a6a15bba777d93e8d908b75c95a85088277f394200.js?body=1" for ::1 at 2015-09-28 19:00:28 -0700


Started GET "/assets/bootstrap/alert.self-896ab026e6823f5cef2441e07dac53d0692a5b772ac58b1ce20aa624c342d3f4.js?body=1" for ::1 at 2015-09-28 19:00:28 -0700


Started GET "/assets/bootstrap/button.self-d19f3e2bcd3a7a4d75c11b9141b3fabd2c11987da1e99c85548ec3ecf8db30c3.js?body=1" for ::1 at 2015-09-28 19:00:28 -0700


Started GET "/assets/bootstrap/carousel.self-b2e5e14483e6c31343a83861b7d487620f143d6fc2d07d5ae7544b6b225ba6be.js?body=1" for ::1 at 2015-09-28 19:00:28 -0700


Started GET "/assets/bootstrap/collapse.self-93820e9b486e375a7fb4477602def3a6f8381fa6d50938d5378297ffbe4a1248.js?body=1" for ::1 at 2015-09-28 19:00:28 -0700


Started GET "/assets/bootstrap/dropdown.self-30536ae4d54b2685c26b5787ed0eb549a9075717fe690cce6270873bedf2df00.js?body=1" for ::1 at 2015-09-28 19:00:28 -0700


Started GET "/assets/bootstrap/tab.self-9b77df34cbbb08ec93a806d6cdb741f04e3dbf3389978a0679146f2d2987bc89.js?body=1" for ::1 at 2015-09-28 19:00:28 -0700


Started GET "/assets/bootstrap/transition.self-9616c4e856b57659b67da3c6f2adcd584b5601ef4bebcdadab8ebb387d80bb25.js?body=1" for ::1 at 2015-09-28 19:00:28 -0700


Started GET "/assets/bootstrap/scrollspy.self-c5c6ed008955656d345067e9821d79f1216b8383134d08465d4aa1a33a2b93b4.js?body=1" for ::1 at 2015-09-28 19:00:28 -0700


Started GET "/assets/bootstrap/modal.self-bcfe54f3132bf16a8c5ce4289e47eba488f6522a08f49f378a037061c6c7aa4c.js?body=1" for ::1 at 2015-09-28 19:00:28 -0700


Started GET "/assets/bootstrap/tooltip.self-3aa41fbe871573b34e0ebddf31598cd5a11a9841ca85f90934ea46326e46626d.js?body=1" for ::1 at 2015-09-28 19:00:28 -0700


Started GET "/assets/bootstrap/popover.self-b73e9c9111d01148e24bbc46e096782e024dc5db630e7078cf11ed2587ef8551.js?body=1" for ::1 at 2015-09-28 19:00:28 -0700


Started GET "/assets/bootstrap-sprockets.self-fbfa5ad7d9aa0afe439ec4ff3883acc4cb92b62cb67c40d674320c9aa1d4642d.js?body=1" for ::1 at 2015-09-28 19:00:28 -0700


Started GET "/assets/turbolinks.self-c37727e9bd6b2735da5c311aa83fead54ed0be6cc8bd9a65309e9c5abe2cbfff.js?body=1" for ::1 at 2015-09-28 19:00:28 -0700


Started GET "/assets/static_pages.self-877aef30ae1b040ab8a3aba4e3e309a11d7f2612f44dde450b5c157aa5f95c05.js?body=1" for ::1 at 2015-09-28 19:00:28 -0700


Started GET "/assets/application.self-f8806224e027f3e3f0138ea9ce99319e298dfdb323304d1f1be6eae8e8c74724.js?body=1" for ::1 at 2015-09-28 19:00:28 -0700


Started GET "/" for ::1 at 2015-09-28 19:00:58 -0700
Processing by StaticPagesController#home as HTML
  Rendered static_pages/home.html.erb within layouts/application (0.2ms)
Completed 200 OK in 104ms (Views: 103.3ms | ActiveRecord: 0.0ms)


Started GET "/assets/custom.self-7230b676fb3da8f1dc8d28b23e48cc6a276826c06825b6e43e9f11416f267fde.css?body=1" for ::1 at 2015-09-28 19:00:58 -0700


Started GET "/assets/static_pages.self-e3b0c44298fc1c149afbf4c8996fb92427ae41e4649b934ca495991b7852b855.css?body=1" for ::1 at 2015-09-28 19:00:58 -0700


Started GET "/assets/jquery_ujs.self-d456baa54c1fa6be2ec3711f0a72ddf7a5b2f34a6b4f515f33767d6207b7d4b3.js?body=1" for ::1 at 2015-09-28 19:00:58 -0700


Started GET "/assets/bootstrap/affix.self-f7aef9d98ee5ece34a6a92a6a15bba777d93e8d908b75c95a85088277f394200.js?body=1" for ::1 at 2015-09-28 19:00:58 -0700


Started GET "/assets/application.self-e80e8f2318043e8af94dddc2adad5a4f09739a8ebb323b3ab31cd71d45fd9113.css?body=1" for ::1 at 2015-09-28 19:00:58 -0700


Started GET "/assets/jquery.self-a714331225dda820228db323939889f149aec0127aeb06255646b616ba1ca419.js?body=1" for ::1 at 2015-09-28 19:00:58 -0700


Started GET "/assets/bootstrap/alert.self-896ab026e6823f5cef2441e07dac53d0692a5b772ac58b1ce20aa624c342d3f4.js?body=1" for ::1 at 2015-09-28 19:00:58 -0700


Started GET "/assets/bootstrap/button.self-d19f3e2bcd3a7a4d75c11b9141b3fabd2c11987da1e99c85548ec3ecf8db30c3.js?body=1" for ::1 at 2015-09-28 19:00:58 -0700


Started GET "/assets/bootstrap/carousel.self-b2e5e14483e6c31343a83861b7d487620f143d6fc2d07d5ae7544b6b225ba6be.js?body=1" for ::1 at 2015-09-28 19:00:58 -0700


Started GET "/assets/bootstrap/collapse.self-93820e9b486e375a7fb4477602def3a6f8381fa6d50938d5378297ffbe4a1248.js?body=1" for ::1 at 2015-09-28 19:00:58 -0700


Started GET "/assets/bootstrap/dropdown.self-30536ae4d54b2685c26b5787ed0eb549a9075717fe690cce6270873bedf2df00.js?body=1" for ::1 at 2015-09-28 19:00:58 -0700


Started GET "/assets/bootstrap/tab.self-9b77df34cbbb08ec93a806d6cdb741f04e3dbf3389978a0679146f2d2987bc89.js?body=1" for ::1 at 2015-09-28 19:00:58 -0700


Started GET "/assets/bootstrap/transition.self-9616c4e856b57659b67da3c6f2adcd584b5601ef4bebcdadab8ebb387d80bb25.js?body=1" for ::1 at 2015-09-28 19:00:58 -0700


Started GET "/assets/bootstrap/scrollspy.self-c5c6ed008955656d345067e9821d79f1216b8383134d08465d4aa1a33a2b93b4.js?body=1" for ::1 at 2015-09-28 19:00:58 -0700


Started GET "/assets/bootstrap/modal.self-bcfe54f3132bf16a8c5ce4289e47eba488f6522a08f49f378a037061c6c7aa4c.js?body=1" for ::1 at 2015-09-28 19:00:58 -0700


Started GET "/assets/bootstrap/tooltip.self-3aa41fbe871573b34e0ebddf31598cd5a11a9841ca85f90934ea46326e46626d.js?body=1" for ::1 at 2015-09-28 19:00:58 -0700


Started GET "/assets/bootstrap/popover.self-b73e9c9111d01148e24bbc46e096782e024dc5db630e7078cf11ed2587ef8551.js?body=1" for ::1 at 2015-09-28 19:00:58 -0700


Started GET "/assets/bootstrap-sprockets.self-fbfa5ad7d9aa0afe439ec4ff3883acc4cb92b62cb67c40d674320c9aa1d4642d.js?body=1" for ::1 at 2015-09-28 19:00:58 -0700


Started GET "/assets/turbolinks.self-c37727e9bd6b2735da5c311aa83fead54ed0be6cc8bd9a65309e9c5abe2cbfff.js?body=1" for ::1 at 2015-09-28 19:00:58 -0700


Started GET "/assets/static_pages.self-877aef30ae1b040ab8a3aba4e3e309a11d7f2612f44dde450b5c157aa5f95c05.js?body=1" for ::1 at 2015-09-28 19:00:58 -0700


Started GET "/assets/application.self-f8806224e027f3e3f0138ea9ce99319e298dfdb323304d1f1be6eae8e8c74724.js?body=1" for ::1 at 2015-09-28 19:00:58 -0700


Started GET "/" for ::1 at 2015-09-28 19:01:00 -0700
Processing by StaticPagesController#home as HTML
  Rendered static_pages/home.html.erb within layouts/application (0.5ms)
Completed 200 OK in 107ms (Views: 106.5ms | ActiveRecord: 0.0ms)


Started GET "/" for ::1 at 2015-09-28 19:01:03 -0700
Processing by StaticPagesController#home as HTML
  Rendered static_pages/home.html.erb within layouts/application (0.2ms)
Completed 200 OK in 90ms (Views: 89.8ms | ActiveRecord: 0.0ms)


Started GET "/" for ::1 at 2015-09-28 19:01:04 -0700
Processing by StaticPagesController#home as HTML
  Rendered static_pages/home.html.erb within layouts/application (0.2ms)
Completed 200 OK in 98ms (Views: 98.0ms | ActiveRecord: 0.0ms)


Started GET "/" for ::1 at 2015-09-28 19:01:06 -0700
Processing by StaticPagesController#home as HTML
  Rendered static_pages/home.html.erb within layouts/application (0.1ms)
Completed 200 OK in 101ms (Views: 100.6ms | ActiveRecord: 0.0ms)


Started GET "/" for ::1 at 2015-09-28 19:01:06 -0700
Processing by StaticPagesController#home as HTML
  Rendered static_pages/home.html.erb within layouts/application (0.1ms)
Completed 200 OK in 106ms (Views: 106.0ms | ActiveRecord: 0.0ms)


Started GET "/" for ::1 at 2015-09-28 19:07:26 -0700
Processing by StaticPagesController#home as HTML
  Rendered static_pages/home.html.erb within layouts/application (2.1ms)
Completed 200 OK in 414ms (Views: 405.6ms | ActiveRecord: 0.0ms)


Started GET "/assets/custom.self-7230b676fb3da8f1dc8d28b23e48cc6a276826c06825b6e43e9f11416f267fde.css?body=1" for ::1 at 2015-09-28 19:07:27 -0700


Started GET "/assets/jquery_ujs.self-d456baa54c1fa6be2ec3711f0a72ddf7a5b2f34a6b4f515f33767d6207b7d4b3.js?body=1" for ::1 at 2015-09-28 19:07:27 -0700


Started GET "/assets/static_pages.self-e3b0c44298fc1c149afbf4c8996fb92427ae41e4649b934ca495991b7852b855.css?body=1" for ::1 at 2015-09-28 19:07:27 -0700


Started GET "/assets/bootstrap/affix.self-f7aef9d98ee5ece34a6a92a6a15bba777d93e8d908b75c95a85088277f394200.js?body=1" for ::1 at 2015-09-28 19:07:27 -0700


Started GET "/assets/jquery.self-a714331225dda820228db323939889f149aec0127aeb06255646b616ba1ca419.js?body=1" for ::1 at 2015-09-28 19:07:27 -0700


Started GET "/assets/application.self-e80e8f2318043e8af94dddc2adad5a4f09739a8ebb323b3ab31cd71d45fd9113.css?body=1" for ::1 at 2015-09-28 19:07:27 -0700


Started GET "/assets/bootstrap/alert.self-896ab026e6823f5cef2441e07dac53d0692a5b772ac58b1ce20aa624c342d3f4.js?body=1" for ::1 at 2015-09-28 19:07:27 -0700


Started GET "/assets/bootstrap/button.self-d19f3e2bcd3a7a4d75c11b9141b3fabd2c11987da1e99c85548ec3ecf8db30c3.js?body=1" for ::1 at 2015-09-28 19:07:27 -0700


Started GET "/assets/bootstrap/carousel.self-b2e5e14483e6c31343a83861b7d487620f143d6fc2d07d5ae7544b6b225ba6be.js?body=1" for ::1 at 2015-09-28 19:07:27 -0700


Started GET "/assets/bootstrap/collapse.self-93820e9b486e375a7fb4477602def3a6f8381fa6d50938d5378297ffbe4a1248.js?body=1" for ::1 at 2015-09-28 19:07:27 -0700


Started GET "/assets/bootstrap/dropdown.self-30536ae4d54b2685c26b5787ed0eb549a9075717fe690cce6270873bedf2df00.js?body=1" for ::1 at 2015-09-28 19:07:27 -0700


Started GET "/assets/bootstrap/tab.self-9b77df34cbbb08ec93a806d6cdb741f04e3dbf3389978a0679146f2d2987bc89.js?body=1" for ::1 at 2015-09-28 19:07:27 -0700


Started GET "/assets/bootstrap/transition.self-9616c4e856b57659b67da3c6f2adcd584b5601ef4bebcdadab8ebb387d80bb25.js?body=1" for ::1 at 2015-09-28 19:07:27 -0700


Started GET "/assets/bootstrap/scrollspy.self-c5c6ed008955656d345067e9821d79f1216b8383134d08465d4aa1a33a2b93b4.js?body=1" for ::1 at 2015-09-28 19:07:27 -0700


Started GET "/assets/bootstrap/modal.self-bcfe54f3132bf16a8c5ce4289e47eba488f6522a08f49f378a037061c6c7aa4c.js?body=1" for ::1 at 2015-09-28 19:07:27 -0700


Started GET "/assets/bootstrap/tooltip.self-3aa41fbe871573b34e0ebddf31598cd5a11a9841ca85f90934ea46326e46626d.js?body=1" for ::1 at 2015-09-28 19:07:27 -0700


Started GET "/assets/bootstrap/popover.self-b73e9c9111d01148e24bbc46e096782e024dc5db630e7078cf11ed2587ef8551.js?body=1" for ::1 at 2015-09-28 19:07:27 -0700


Started GET "/assets/bootstrap-sprockets.self-fbfa5ad7d9aa0afe439ec4ff3883acc4cb92b62cb67c40d674320c9aa1d4642d.js?body=1" for ::1 at 2015-09-28 19:07:27 -0700


Started GET "/assets/turbolinks.self-c37727e9bd6b2735da5c311aa83fead54ed0be6cc8bd9a65309e9c5abe2cbfff.js?body=1" for ::1 at 2015-09-28 19:07:27 -0700


Started GET "/assets/static_pages.self-877aef30ae1b040ab8a3aba4e3e309a11d7f2612f44dde450b5c157aa5f95c05.js?body=1" for ::1 at 2015-09-28 19:07:27 -0700


Started GET "/assets/application.self-f8806224e027f3e3f0138ea9ce99319e298dfdb323304d1f1be6eae8e8c74724.js?body=1" for ::1 at 2015-09-28 19:07:27 -0700


Started GET "/" for ::1 at 2015-09-28 19:08:08 -0700
Processing by StaticPagesController#home as HTML
  Rendered static_pages/home.html.erb within layouts/application (1.7ms)
Completed 200 OK in 368ms (Views: 359.2ms | ActiveRecord: 0.0ms)


Started GET "/assets/custom.self-7230b676fb3da8f1dc8d28b23e48cc6a276826c06825b6e43e9f11416f267fde.css?body=1" for ::1 at 2015-09-28 19:08:08 -0700


Started GET "/assets/jquery.self-a714331225dda820228db323939889f149aec0127aeb06255646b616ba1ca419.js?body=1" for ::1 at 2015-09-28 19:08:08 -0700


Started GET "/assets/application.self-e80e8f2318043e8af94dddc2adad5a4f09739a8ebb323b3ab31cd71d45fd9113.css?body=1" for ::1 at 2015-09-28 19:08:08 -0700


Started GET "/assets/jquery_ujs.self-d456baa54c1fa6be2ec3711f0a72ddf7a5b2f34a6b4f515f33767d6207b7d4b3.js?body=1" for ::1 at 2015-09-28 19:08:08 -0700


Started GET "/assets/static_pages.self-e3b0c44298fc1c149afbf4c8996fb92427ae41e4649b934ca495991b7852b855.css?body=1" for ::1 at 2015-09-28 19:08:08 -0700


Started GET "/assets/bootstrap/affix.self-f7aef9d98ee5ece34a6a92a6a15bba777d93e8d908b75c95a85088277f394200.js?body=1" for ::1 at 2015-09-28 19:08:08 -0700


Started GET "/assets/bootstrap/alert.self-896ab026e6823f5cef2441e07dac53d0692a5b772ac58b1ce20aa624c342d3f4.js?body=1" for ::1 at 2015-09-28 19:08:08 -0700


Started GET "/assets/bootstrap/button.self-d19f3e2bcd3a7a4d75c11b9141b3fabd2c11987da1e99c85548ec3ecf8db30c3.js?body=1" for ::1 at 2015-09-28 19:08:08 -0700


Started GET "/assets/bootstrap/carousel.self-b2e5e14483e6c31343a83861b7d487620f143d6fc2d07d5ae7544b6b225ba6be.js?body=1" for ::1 at 2015-09-28 19:08:08 -0700


Started GET "/assets/bootstrap/collapse.self-93820e9b486e375a7fb4477602def3a6f8381fa6d50938d5378297ffbe4a1248.js?body=1" for ::1 at 2015-09-28 19:08:08 -0700


Started GET "/assets/bootstrap/dropdown.self-30536ae4d54b2685c26b5787ed0eb549a9075717fe690cce6270873bedf2df00.js?body=1" for ::1 at 2015-09-28 19:08:08 -0700


Started GET "/assets/bootstrap/tab.self-9b77df34cbbb08ec93a806d6cdb741f04e3dbf3389978a0679146f2d2987bc89.js?body=1" for ::1 at 2015-09-28 19:08:08 -0700


Started GET "/assets/bootstrap/transition.self-9616c4e856b57659b67da3c6f2adcd584b5601ef4bebcdadab8ebb387d80bb25.js?body=1" for ::1 at 2015-09-28 19:08:08 -0700


Started GET "/assets/bootstrap/scrollspy.self-c5c6ed008955656d345067e9821d79f1216b8383134d08465d4aa1a33a2b93b4.js?body=1" for ::1 at 2015-09-28 19:08:08 -0700


Started GET "/assets/bootstrap/modal.self-bcfe54f3132bf16a8c5ce4289e47eba488f6522a08f49f378a037061c6c7aa4c.js?body=1" for ::1 at 2015-09-28 19:08:08 -0700


Started GET "/assets/bootstrap/tooltip.self-3aa41fbe871573b34e0ebddf31598cd5a11a9841ca85f90934ea46326e46626d.js?body=1" for ::1 at 2015-09-28 19:08:08 -0700


Started GET "/assets/bootstrap/popover.self-b73e9c9111d01148e24bbc46e096782e024dc5db630e7078cf11ed2587ef8551.js?body=1" for ::1 at 2015-09-28 19:08:08 -0700


Started GET "/assets/bootstrap-sprockets.self-fbfa5ad7d9aa0afe439ec4ff3883acc4cb92b62cb67c40d674320c9aa1d4642d.js?body=1" for ::1 at 2015-09-28 19:08:08 -0700


Started GET "/assets/turbolinks.self-c37727e9bd6b2735da5c311aa83fead54ed0be6cc8bd9a65309e9c5abe2cbfff.js?body=1" for ::1 at 2015-09-28 19:08:08 -0700


Started GET "/assets/static_pages.self-877aef30ae1b040ab8a3aba4e3e309a11d7f2612f44dde450b5c157aa5f95c05.js?body=1" for ::1 at 2015-09-28 19:08:08 -0700


Started GET "/assets/application.self-f8806224e027f3e3f0138ea9ce99319e298dfdb323304d1f1be6eae8e8c74724.js?body=1" for ::1 at 2015-09-28 19:08:08 -0700


Started GET "/" for ::1 at 2015-09-28 19:08:10 -0700
Processing by StaticPagesController#home as HTML
  Rendered static_pages/home.html.erb within layouts/application (0.2ms)
Completed 200 OK in 93ms (Views: 92.1ms | ActiveRecord: 0.0ms)


Started GET "/assets/static_pages.self-e3b0c44298fc1c149afbf4c8996fb92427ae41e4649b934ca495991b7852b855.css?body=1" for ::1 at 2015-09-28 19:08:10 -0700


Started GET "/assets/custom.self-7230b676fb3da8f1dc8d28b23e48cc6a276826c06825b6e43e9f11416f267fde.css?body=1" for ::1 at 2015-09-28 19:08:10 -0700


Started GET "/assets/bootstrap/affix.self-f7aef9d98ee5ece34a6a92a6a15bba777d93e8d908b75c95a85088277f394200.js?body=1" for ::1 at 2015-09-28 19:08:10 -0700


Started GET "/assets/jquery.self-a714331225dda820228db323939889f149aec0127aeb06255646b616ba1ca419.js?body=1" for ::1 at 2015-09-28 19:08:10 -0700


Started GET "/assets/application.self-e80e8f2318043e8af94dddc2adad5a4f09739a8ebb323b3ab31cd71d45fd9113.css?body=1" for ::1 at 2015-09-28 19:08:10 -0700


Started GET "/assets/jquery_ujs.self-d456baa54c1fa6be2ec3711f0a72ddf7a5b2f34a6b4f515f33767d6207b7d4b3.js?body=1" for ::1 at 2015-09-28 19:08:10 -0700


Started GET "/assets/bootstrap/alert.self-896ab026e6823f5cef2441e07dac53d0692a5b772ac58b1ce20aa624c342d3f4.js?body=1" for ::1 at 2015-09-28 19:08:10 -0700


Started GET "/assets/bootstrap/button.self-d19f3e2bcd3a7a4d75c11b9141b3fabd2c11987da1e99c85548ec3ecf8db30c3.js?body=1" for ::1 at 2015-09-28 19:08:10 -0700


Started GET "/assets/bootstrap/carousel.self-b2e5e14483e6c31343a83861b7d487620f143d6fc2d07d5ae7544b6b225ba6be.js?body=1" for ::1 at 2015-09-28 19:08:10 -0700


Started GET "/assets/bootstrap/collapse.self-93820e9b486e375a7fb4477602def3a6f8381fa6d50938d5378297ffbe4a1248.js?body=1" for ::1 at 2015-09-28 19:08:10 -0700


Started GET "/assets/bootstrap/dropdown.self-30536ae4d54b2685c26b5787ed0eb549a9075717fe690cce6270873bedf2df00.js?body=1" for ::1 at 2015-09-28 19:08:10 -0700


Started GET "/assets/bootstrap/tab.self-9b77df34cbbb08ec93a806d6cdb741f04e3dbf3389978a0679146f2d2987bc89.js?body=1" for ::1 at 2015-09-28 19:08:10 -0700


Started GET "/assets/bootstrap/transition.self-9616c4e856b57659b67da3c6f2adcd584b5601ef4bebcdadab8ebb387d80bb25.js?body=1" for ::1 at 2015-09-28 19:08:10 -0700


Started GET "/assets/bootstrap/scrollspy.self-c5c6ed008955656d345067e9821d79f1216b8383134d08465d4aa1a33a2b93b4.js?body=1" for ::1 at 2015-09-28 19:08:10 -0700


Started GET "/assets/bootstrap/modal.self-bcfe54f3132bf16a8c5ce4289e47eba488f6522a08f49f378a037061c6c7aa4c.js?body=1" for ::1 at 2015-09-28 19:08:10 -0700


Started GET "/assets/bootstrap/tooltip.self-3aa41fbe871573b34e0ebddf31598cd5a11a9841ca85f90934ea46326e46626d.js?body=1" for ::1 at 2015-09-28 19:08:10 -0700


Started GET "/assets/bootstrap/popover.self-b73e9c9111d01148e24bbc46e096782e024dc5db630e7078cf11ed2587ef8551.js?body=1" for ::1 at 2015-09-28 19:08:10 -0700


Started GET "/assets/bootstrap-sprockets.self-fbfa5ad7d9aa0afe439ec4ff3883acc4cb92b62cb67c40d674320c9aa1d4642d.js?body=1" for ::1 at 2015-09-28 19:08:10 -0700


Started GET "/assets/turbolinks.self-c37727e9bd6b2735da5c311aa83fead54ed0be6cc8bd9a65309e9c5abe2cbfff.js?body=1" for ::1 at 2015-09-28 19:08:10 -0700


Started GET "/assets/static_pages.self-877aef30ae1b040ab8a3aba4e3e309a11d7f2612f44dde450b5c157aa5f95c05.js?body=1" for ::1 at 2015-09-28 19:08:10 -0700


Started GET "/assets/application.self-f8806224e027f3e3f0138ea9ce99319e298dfdb323304d1f1be6eae8e8c74724.js?body=1" for ::1 at 2015-09-28 19:08:10 -0700
  [1m[36m (1.0ms)[0m  [1mCREATE TABLE "schema_migrations" ("version" varchar NOT NULL) [0m
  [1m[35m (0.1ms)[0m  select sqlite_version(*)
  [1m[36m (0.7ms)[0m  [1mCREATE UNIQUE INDEX "unique_schema_migrations" ON "schema_migrations" ("version")[0m
  [1m[35mActiveRecord::SchemaMigration Load (0.1ms)[0m  SELECT "schema_migrations".* FROM "schema_migrations"
Migrating to DeviseCreateUsers (20150929021000)
  [1m[36m (0.1ms)[0m  [1mbegin transaction[0m
  [1m[35m (0.7ms)[0m  CREATE TABLE "users" ("id" INTEGER PRIMARY KEY AUTOINCREMENT NOT NULL, "email" varchar DEFAULT '' NOT NULL, "encrypted_password" varchar DEFAULT '' NOT NULL, "reset_password_token" varchar, "reset_password_sent_at" datetime, "remember_created_at" datetime, "sign_in_count" integer DEFAULT 0 NOT NULL, "current_sign_in_at" datetime, "last_sign_in_at" datetime, "current_sign_in_ip" varchar, "last_sign_in_ip" varchar, "created_at" datetime NOT NULL, "updated_at" datetime NOT NULL) 
  [1m[36m (0.4ms)[0m  [1mCREATE UNIQUE INDEX "index_users_on_email" ON "users" ("email")[0m
  [1m[35m (0.1ms)[0m              SELECT sql
            FROM sqlite_master
            WHERE name='index_users_on_email' AND type='index'
            UNION ALL
            SELECT sql
            FROM sqlite_temp_master
            WHERE name='index_users_on_email' AND type='index'

  [1m[36m (0.1ms)[0m  [1mCREATE UNIQUE INDEX "index_users_on_reset_password_token" ON "users" ("reset_password_token")[0m
  [1m[35mSQL (0.1ms)[0m  INSERT INTO "schema_migrations" ("version") VALUES (?)  [["version", "20150929021000"]]
  [1m[36m (0.9ms)[0m  [1mcommit transaction[0m
  [1m[35mActiveRecord::SchemaMigration Load (0.1ms)[0m  SELECT "schema_migrations".* FROM "schema_migrations"
  [1m[36m (0.1ms)[0m  [1m            SELECT sql
            FROM sqlite_master
            WHERE name='index_users_on_reset_password_token' AND type='index'
            UNION ALL
            SELECT sql
            FROM sqlite_temp_master
            WHERE name='index_users_on_reset_password_token' AND type='index'
[0m
  [1m[35m (0.1ms)[0m              SELECT sql
            FROM sqlite_master
            WHERE name='index_users_on_email' AND type='index'
            UNION ALL
            SELECT sql
            FROM sqlite_temp_master
            WHERE name='index_users_on_email' AND type='index'



Started GET "/routes" for ::1 at 2015-09-28 19:20:18 -0700
  [1m[36mActiveRecord::SchemaMigration Load (0.5ms)[0m  [1mSELECT "schema_migrations".* FROM "schema_migrations"[0m

ActionController::RoutingError (No route matches [GET] "/routes"):
  actionpack (4.2.4) lib/action_dispatch/middleware/debug_exceptions.rb:21:in `call'
  actionpack (4.2.4) lib/action_dispatch/middleware/show_exceptions.rb:30:in `call'
  railties (4.2.4) lib/rails/rack/logger.rb:38:in `call_app'
  railties (4.2.4) lib/rails/rack/logger.rb:20:in `block in call'
  activesupport (4.2.4) lib/active_support/tagged_logging.rb:68:in `block in tagged'
  activesupport (4.2.4) lib/active_support/tagged_logging.rb:26:in `tagged'
  activesupport (4.2.4) lib/active_support/tagged_logging.rb:68:in `tagged'
  railties (4.2.4) lib/rails/rack/logger.rb:20:in `call'
  actionpack (4.2.4) lib/action_dispatch/middleware/request_id.rb:21:in `call'
  rack (1.6.4) lib/rack/methodoverride.rb:22:in `call'
  rack (1.6.4) lib/rack/runtime.rb:18:in `call'
  activesupport (4.2.4) lib/active_support/cache/strategy/local_cache_middleware.rb:28:in `call'
  rack (1.6.4) lib/rack/lock.rb:17:in `call'
  actionpack (4.2.4) lib/action_dispatch/middleware/static.rb:116:in `call'
  rack (1.6.4) lib/rack/sendfile.rb:113:in `call'
  railties (4.2.4) lib/rails/engine.rb:518:in `call'
  railties (4.2.4) lib/rails/application.rb:165:in `call'
  rack (1.6.4) lib/rack/lock.rb:17:in `call'
  rack (1.6.4) lib/rack/content_length.rb:15:in `call'
  rack (1.6.4) lib/rack/handler/webrick.rb:88:in `service'
  /Users/rliaw/.rvm/rubies/ruby-2.2.1/lib/ruby/2.2.0/webrick/httpserver.rb:138:in `service'
  /Users/rliaw/.rvm/rubies/ruby-2.2.1/lib/ruby/2.2.0/webrick/httpserver.rb:94:in `run'
  /Users/rliaw/.rvm/rubies/ruby-2.2.1/lib/ruby/2.2.0/webrick/server.rb:294:in `block in start_thread'


  Rendered /Users/rliaw/.rvm/gems/ruby-2.2.1/gems/actionpack-4.2.4/lib/action_dispatch/middleware/templates/rescues/_trace.html.erb (2.6ms)
  Rendered /Users/rliaw/.rvm/gems/ruby-2.2.1/gems/actionpack-4.2.4/lib/action_dispatch/middleware/templates/routes/_route.html.erb (1.9ms)
  Rendered /Users/rliaw/.rvm/gems/ruby-2.2.1/gems/actionpack-4.2.4/lib/action_dispatch/middleware/templates/routes/_table.html.erb (29.8ms)
  Rendered /Users/rliaw/.rvm/gems/ruby-2.2.1/gems/actionpack-4.2.4/lib/action_dispatch/middleware/templates/rescues/_request_and_response.html.erb (11.1ms)
  Rendered /Users/rliaw/.rvm/gems/ruby-2.2.1/gems/actionpack-4.2.4/lib/action_dispatch/middleware/templates/rescues/routing_error.html.erb within rescues/layout (136.7ms)


Started GET "/users/sign_up" for ::1 at 2015-09-28 19:21:30 -0700
Processing by Devise::RegistrationsController#new as HTML
  Rendered /Users/rliaw/.rvm/gems/ruby-2.2.1/gems/devise-3.5.2/app/views/devise/shared/_links.html.erb (1.4ms)
  Rendered /Users/rliaw/.rvm/gems/ruby-2.2.1/gems/devise-3.5.2/app/views/devise/registrations/new.html.erb within layouts/application (63.5ms)
Completed 200 OK in 605ms (Views: 595.0ms | ActiveRecord: 0.3ms)


Started GET "/users/password/new" for ::1 at 2015-09-28 19:21:41 -0700
Processing by Devise::PasswordsController#new as HTML
  Rendered /Users/rliaw/.rvm/gems/ruby-2.2.1/gems/devise-3.5.2/app/views/devise/shared/_links.html.erb (0.8ms)
  Rendered /Users/rliaw/.rvm/gems/ruby-2.2.1/gems/devise-3.5.2/app/views/devise/passwords/new.html.erb within layouts/application (5.0ms)
Completed 200 OK in 131ms (Views: 130.4ms | ActiveRecord: 0.0ms)


Started GET "/users/sign_in" for ::1 at 2015-09-28 19:21:53 -0700
Processing by Devise::SessionsController#new as HTML
  Rendered /Users/rliaw/.rvm/gems/ruby-2.2.1/gems/devise-3.5.2/app/views/devise/shared/_links.html.erb (0.4ms)
  Rendered /Users/rliaw/.rvm/gems/ruby-2.2.1/gems/devise-3.5.2/app/views/devise/sessions/new.html.erb within layouts/application (9.2ms)
Completed 200 OK in 104ms (Views: 99.4ms | ActiveRecord: 0.0ms)


Started GET "/routes" for ::1 at 2015-09-28 19:24:32 -0700

ActionController::RoutingError (No route matches [GET] "/routes"):
  actionpack (4.2.4) lib/action_dispatch/middleware/debug_exceptions.rb:21:in `call'
  actionpack (4.2.4) lib/action_dispatch/middleware/show_exceptions.rb:30:in `call'
  railties (4.2.4) lib/rails/rack/logger.rb:38:in `call_app'
  railties (4.2.4) lib/rails/rack/logger.rb:20:in `block in call'
  activesupport (4.2.4) lib/active_support/tagged_logging.rb:68:in `block in tagged'
  activesupport (4.2.4) lib/active_support/tagged_logging.rb:26:in `tagged'
  activesupport (4.2.4) lib/active_support/tagged_logging.rb:68:in `tagged'
  railties (4.2.4) lib/rails/rack/logger.rb:20:in `call'
  actionpack (4.2.4) lib/action_dispatch/middleware/request_id.rb:21:in `call'
  rack (1.6.4) lib/rack/methodoverride.rb:22:in `call'
  rack (1.6.4) lib/rack/runtime.rb:18:in `call'
  activesupport (4.2.4) lib/active_support/cache/strategy/local_cache_middleware.rb:28:in `call'
  rack (1.6.4) lib/rack/lock.rb:17:in `call'
  actionpack (4.2.4) lib/action_dispatch/middleware/static.rb:116:in `call'
  rack (1.6.4) lib/rack/sendfile.rb:113:in `call'
  railties (4.2.4) lib/rails/engine.rb:518:in `call'
  railties (4.2.4) lib/rails/application.rb:165:in `call'
  rack (1.6.4) lib/rack/lock.rb:17:in `call'
  rack (1.6.4) lib/rack/content_length.rb:15:in `call'
  rack (1.6.4) lib/rack/handler/webrick.rb:88:in `service'
  /Users/rliaw/.rvm/rubies/ruby-2.2.1/lib/ruby/2.2.0/webrick/httpserver.rb:138:in `service'
  /Users/rliaw/.rvm/rubies/ruby-2.2.1/lib/ruby/2.2.0/webrick/httpserver.rb:94:in `run'
  /Users/rliaw/.rvm/rubies/ruby-2.2.1/lib/ruby/2.2.0/webrick/server.rb:294:in `block in start_thread'


  Rendered /Users/rliaw/.rvm/gems/ruby-2.2.1/gems/actionpack-4.2.4/lib/action_dispatch/middleware/templates/rescues/_trace.html.erb (1.4ms)
  Rendered /Users/rliaw/.rvm/gems/ruby-2.2.1/gems/actionpack-4.2.4/lib/action_dispatch/middleware/templates/routes/_route.html.erb (1.1ms)
  Rendered /Users/rliaw/.rvm/gems/ruby-2.2.1/gems/actionpack-4.2.4/lib/action_dispatch/middleware/templates/routes/_table.html.erb (1.1ms)
  Rendered /Users/rliaw/.rvm/gems/ruby-2.2.1/gems/actionpack-4.2.4/lib/action_dispatch/middleware/templates/rescues/_request_and_response.html.erb (1.1ms)
  Rendered /Users/rliaw/.rvm/gems/ruby-2.2.1/gems/actionpack-4.2.4/lib/action_dispatch/middleware/templates/rescues/routing_error.html.erb within rescues/layout (58.7ms)


Started GET "/" for ::1 at 2015-09-28 19:24:37 -0700
Processing by StaticPagesController#home as HTML
  Rendered static_pages/home.html.erb within layouts/application (1.3ms)
Completed 200 OK in 125ms (Views: 124.0ms | ActiveRecord: 0.0ms)


Started GET "/" for ::1 at 2015-09-28 19:25:06 -0700
Processing by StaticPagesController#home as HTML
  Rendered static_pages/home.html.erb within layouts/application (0.9ms)
Completed 200 OK in 93ms (Views: 92.4ms | ActiveRecord: 0.0ms)


Started GET "/assets/custom.self-7230b676fb3da8f1dc8d28b23e48cc6a276826c06825b6e43e9f11416f267fde.css?body=1" for ::1 at 2015-09-28 19:25:07 -0700


Started GET "/assets/jquery.self-a714331225dda820228db323939889f149aec0127aeb06255646b616ba1ca419.js?body=1" for ::1 at 2015-09-28 19:25:07 -0700


Started GET "/assets/jquery_ujs.self-d456baa54c1fa6be2ec3711f0a72ddf7a5b2f34a6b4f515f33767d6207b7d4b3.js?body=1" for ::1 at 2015-09-28 19:25:07 -0700


Started GET "/assets/static_pages.self-e3b0c44298fc1c149afbf4c8996fb92427ae41e4649b934ca495991b7852b855.css?body=1" for ::1 at 2015-09-28 19:25:07 -0700


Started GET "/assets/application.self-e80e8f2318043e8af94dddc2adad5a4f09739a8ebb323b3ab31cd71d45fd9113.css?body=1" for ::1 at 2015-09-28 19:25:07 -0700


Started GET "/assets/bootstrap/affix.self-f7aef9d98ee5ece34a6a92a6a15bba777d93e8d908b75c95a85088277f394200.js?body=1" for ::1 at 2015-09-28 19:25:07 -0700


Started GET "/assets/bootstrap/alert.self-896ab026e6823f5cef2441e07dac53d0692a5b772ac58b1ce20aa624c342d3f4.js?body=1" for ::1 at 2015-09-28 19:25:07 -0700


Started GET "/assets/bootstrap/button.self-d19f3e2bcd3a7a4d75c11b9141b3fabd2c11987da1e99c85548ec3ecf8db30c3.js?body=1" for ::1 at 2015-09-28 19:25:07 -0700


Started GET "/assets/bootstrap/carousel.self-b2e5e14483e6c31343a83861b7d487620f143d6fc2d07d5ae7544b6b225ba6be.js?body=1" for ::1 at 2015-09-28 19:25:07 -0700


Started GET "/assets/bootstrap/collapse.self-93820e9b486e375a7fb4477602def3a6f8381fa6d50938d5378297ffbe4a1248.js?body=1" for ::1 at 2015-09-28 19:25:07 -0700


Started GET "/assets/bootstrap/dropdown.self-30536ae4d54b2685c26b5787ed0eb549a9075717fe690cce6270873bedf2df00.js?body=1" for ::1 at 2015-09-28 19:25:07 -0700


Started GET "/assets/bootstrap/tab.self-9b77df34cbbb08ec93a806d6cdb741f04e3dbf3389978a0679146f2d2987bc89.js?body=1" for ::1 at 2015-09-28 19:25:07 -0700


Started GET "/assets/bootstrap/transition.self-9616c4e856b57659b67da3c6f2adcd584b5601ef4bebcdadab8ebb387d80bb25.js?body=1" for ::1 at 2015-09-28 19:25:07 -0700


Started GET "/assets/bootstrap/scrollspy.self-c5c6ed008955656d345067e9821d79f1216b8383134d08465d4aa1a33a2b93b4.js?body=1" for ::1 at 2015-09-28 19:25:07 -0700


Started GET "/assets/bootstrap/modal.self-bcfe54f3132bf16a8c5ce4289e47eba488f6522a08f49f378a037061c6c7aa4c.js?body=1" for ::1 at 2015-09-28 19:25:07 -0700


Started GET "/assets/bootstrap/tooltip.self-3aa41fbe871573b34e0ebddf31598cd5a11a9841ca85f90934ea46326e46626d.js?body=1" for ::1 at 2015-09-28 19:25:07 -0700


Started GET "/assets/bootstrap/popover.self-b73e9c9111d01148e24bbc46e096782e024dc5db630e7078cf11ed2587ef8551.js?body=1" for ::1 at 2015-09-28 19:25:07 -0700


Started GET "/assets/bootstrap-sprockets.self-fbfa5ad7d9aa0afe439ec4ff3883acc4cb92b62cb67c40d674320c9aa1d4642d.js?body=1" for ::1 at 2015-09-28 19:25:07 -0700


Started GET "/assets/turbolinks.self-c37727e9bd6b2735da5c311aa83fead54ed0be6cc8bd9a65309e9c5abe2cbfff.js?body=1" for ::1 at 2015-09-28 19:25:07 -0700


Started GET "/assets/static_pages.self-877aef30ae1b040ab8a3aba4e3e309a11d7f2612f44dde450b5c157aa5f95c05.js?body=1" for ::1 at 2015-09-28 19:25:07 -0700


Started GET "/assets/application.self-f8806224e027f3e3f0138ea9ce99319e298dfdb323304d1f1be6eae8e8c74724.js?body=1" for ::1 at 2015-09-28 19:25:07 -0700


Started GET "/users/sign_in" for ::1 at 2015-09-28 19:25:13 -0700
Processing by Devise::SessionsController#new as HTML
  Rendered /Users/rliaw/.rvm/gems/ruby-2.2.1/gems/devise-3.5.2/app/views/devise/shared/_links.html.erb (0.3ms)
  Rendered /Users/rliaw/.rvm/gems/ruby-2.2.1/gems/devise-3.5.2/app/views/devise/sessions/new.html.erb within layouts/application (4.5ms)
Completed 200 OK in 102ms (Views: 101.4ms | ActiveRecord: 0.0ms)


Started GET "/users/sign_up" for ::1 at 2015-09-28 19:25:23 -0700
Processing by Devise::RegistrationsController#new as HTML
  Rendered /Users/rliaw/.rvm/gems/ruby-2.2.1/gems/devise-3.5.2/app/views/devise/shared/_links.html.erb (0.2ms)
  Rendered /Users/rliaw/.rvm/gems/ruby-2.2.1/gems/devise-3.5.2/app/views/devise/registrations/new.html.erb within layouts/application (3.8ms)
Completed 200 OK in 92ms (Views: 91.2ms | ActiveRecord: 0.0ms)


Started POST "/users" for ::1 at 2015-09-28 19:28:47 -0700
Processing by Devise::RegistrationsController#create as HTML
  Parameters: {"utf8"=>"✓", "authenticity_token"=>"lgdOvNBB2p/Xk6sdboKsvP8oUDDrEuqZDnTZNNGuyoLUjGfBkTR7hYQwlCY1G2mBNpj6DTrp7CI8XqRKc/2jFw==", "user"=>{"email"=>"test@test.com", "password"=>"[FILTERED]", "password_confirmation"=>"[FILTERED]"}, "commit"=>"Sign up"}
  [1m[35m (0.1ms)[0m  begin transaction
  [1m[36mUser Exists (0.5ms)[0m  [1mSELECT  1 AS one FROM "users" WHERE "users"."email" = 'test@test.com' LIMIT 1[0m
  [1m[35mSQL (1.5ms)[0m  INSERT INTO "users" ("email", "encrypted_password", "created_at", "updated_at") VALUES (?, ?, ?, ?)  [["email", "test@test.com"], ["encrypted_password", "$2a$10$pLf/FhnZcSso70P7GZlpD.Xrtu6x3VeaqxZujndCSup4Vf2CNG5M."], ["created_at", "2015-09-29 02:28:48.092737"], ["updated_at", "2015-09-29 02:28:48.092737"]]
  [1m[36m (0.8ms)[0m  [1mcommit transaction[0m
  [1m[35m (0.1ms)[0m  begin transaction
  [1m[36mSQL (0.4ms)[0m  [1mUPDATE "users" SET "last_sign_in_at" = ?, "current_sign_in_at" = ?, "last_sign_in_ip" = ?, "current_sign_in_ip" = ?, "sign_in_count" = ?, "updated_at" = ? WHERE "users"."id" = ?[0m  [["last_sign_in_at", "2015-09-29 02:28:48.097349"], ["current_sign_in_at", "2015-09-29 02:28:48.097349"], ["last_sign_in_ip", "::1"], ["current_sign_in_ip", "::1"], ["sign_in_count", 1], ["updated_at", "2015-09-29 02:28:48.098046"], ["id", 1]]
  [1m[35m (0.7ms)[0m  commit transaction
Redirected to http://localhost:3000/
Completed 302 Found in 177ms (ActiveRecord: 4.2ms)


Started GET "/" for ::1 at 2015-09-28 19:28:48 -0700
Processing by StaticPagesController#home as HTML
  [1m[36mUser Load (0.2ms)[0m  [1mSELECT  "users".* FROM "users" WHERE "users"."id" = ?  ORDER BY "users"."id" ASC LIMIT 1[0m  [["id", 1]]
  Rendered static_pages/home.html.erb within layouts/application (1.4ms)
Completed 200 OK in 93ms (Views: 92.0ms | ActiveRecord: 0.2ms)


Started GET "/" for ::1 at 2015-09-28 19:28:51 -0700
Processing by StaticPagesController#home as HTML
  [1m[35mUser Load (0.1ms)[0m  SELECT  "users".* FROM "users" WHERE "users"."id" = ?  ORDER BY "users"."id" ASC LIMIT 1  [["id", 1]]
  Rendered static_pages/home.html.erb within layouts/application (0.9ms)
Completed 200 OK in 99ms (Views: 99.0ms | ActiveRecord: 0.1ms)


Started GET "/assets/static_pages.self-e3b0c44298fc1c149afbf4c8996fb92427ae41e4649b934ca495991b7852b855.css?body=1" for ::1 at 2015-09-28 19:28:52 -0700


Started GET "/assets/custom.self-7230b676fb3da8f1dc8d28b23e48cc6a276826c06825b6e43e9f11416f267fde.css?body=1" for ::1 at 2015-09-28 19:28:52 -0700


Started GET "/assets/jquery.self-a714331225dda820228db323939889f149aec0127aeb06255646b616ba1ca419.js?body=1" for ::1 at 2015-09-28 19:28:52 -0700


Started GET "/assets/bootstrap/affix.self-f7aef9d98ee5ece34a6a92a6a15bba777d93e8d908b75c95a85088277f394200.js?body=1" for ::1 at 2015-09-28 19:28:52 -0700


Started GET "/assets/application.self-e80e8f2318043e8af94dddc2adad5a4f09739a8ebb323b3ab31cd71d45fd9113.css?body=1" for ::1 at 2015-09-28 19:28:52 -0700


Started GET "/assets/jquery_ujs.self-d456baa54c1fa6be2ec3711f0a72ddf7a5b2f34a6b4f515f33767d6207b7d4b3.js?body=1" for ::1 at 2015-09-28 19:28:52 -0700


Started GET "/assets/bootstrap/alert.self-896ab026e6823f5cef2441e07dac53d0692a5b772ac58b1ce20aa624c342d3f4.js?body=1" for ::1 at 2015-09-28 19:28:52 -0700


Started GET "/assets/bootstrap/button.self-d19f3e2bcd3a7a4d75c11b9141b3fabd2c11987da1e99c85548ec3ecf8db30c3.js?body=1" for ::1 at 2015-09-28 19:28:52 -0700


Started GET "/assets/bootstrap/carousel.self-b2e5e14483e6c31343a83861b7d487620f143d6fc2d07d5ae7544b6b225ba6be.js?body=1" for ::1 at 2015-09-28 19:28:52 -0700


Started GET "/assets/bootstrap/collapse.self-93820e9b486e375a7fb4477602def3a6f8381fa6d50938d5378297ffbe4a1248.js?body=1" for ::1 at 2015-09-28 19:28:52 -0700


Started GET "/assets/bootstrap/dropdown.self-30536ae4d54b2685c26b5787ed0eb549a9075717fe690cce6270873bedf2df00.js?body=1" for ::1 at 2015-09-28 19:28:52 -0700


Started GET "/assets/bootstrap/tab.self-9b77df34cbbb08ec93a806d6cdb741f04e3dbf3389978a0679146f2d2987bc89.js?body=1" for ::1 at 2015-09-28 19:28:52 -0700


Started GET "/assets/bootstrap/transition.self-9616c4e856b57659b67da3c6f2adcd584b5601ef4bebcdadab8ebb387d80bb25.js?body=1" for ::1 at 2015-09-28 19:28:52 -0700


Started GET "/assets/bootstrap/scrollspy.self-c5c6ed008955656d345067e9821d79f1216b8383134d08465d4aa1a33a2b93b4.js?body=1" for ::1 at 2015-09-28 19:28:52 -0700


Started GET "/assets/bootstrap/modal.self-bcfe54f3132bf16a8c5ce4289e47eba488f6522a08f49f378a037061c6c7aa4c.js?body=1" for ::1 at 2015-09-28 19:28:52 -0700


Started GET "/assets/bootstrap/tooltip.self-3aa41fbe871573b34e0ebddf31598cd5a11a9841ca85f90934ea46326e46626d.js?body=1" for ::1 at 2015-09-28 19:28:52 -0700


Started GET "/assets/bootstrap/popover.self-b73e9c9111d01148e24bbc46e096782e024dc5db630e7078cf11ed2587ef8551.js?body=1" for ::1 at 2015-09-28 19:28:52 -0700


Started GET "/assets/bootstrap-sprockets.self-fbfa5ad7d9aa0afe439ec4ff3883acc4cb92b62cb67c40d674320c9aa1d4642d.js?body=1" for ::1 at 2015-09-28 19:28:52 -0700


Started GET "/assets/turbolinks.self-c37727e9bd6b2735da5c311aa83fead54ed0be6cc8bd9a65309e9c5abe2cbfff.js?body=1" for ::1 at 2015-09-28 19:28:52 -0700


Started GET "/assets/static_pages.self-877aef30ae1b040ab8a3aba4e3e309a11d7f2612f44dde450b5c157aa5f95c05.js?body=1" for ::1 at 2015-09-28 19:28:52 -0700


Started GET "/assets/application.self-f8806224e027f3e3f0138ea9ce99319e298dfdb323304d1f1be6eae8e8c74724.js?body=1" for ::1 at 2015-09-28 19:28:52 -0700


Started DELETE "/users/sign_out" for ::1 at 2015-09-28 19:28:53 -0700
Processing by Devise::SessionsController#destroy as HTML
  Parameters: {"authenticity_token"=>"bCdF+RjBZUMoTPuGrMHPwWYhPNf/7lZRYzSQQ9QrVPYurGyEWbTEWXvvxL33WAr8r5GW6i4VUOpRHu09dng9Yw=="}
  [1m[36mUser Load (0.1ms)[0m  [1mSELECT  "users".* FROM "users" WHERE "users"."id" = ?  ORDER BY "users"."id" ASC LIMIT 1[0m  [["id", 1]]
  [1m[35m (0.1ms)[0m  begin transaction
  [1m[36m (0.0ms)[0m  [1mcommit transaction[0m
Redirected to http://localhost:3000/
Completed 302 Found in 8ms (ActiveRecord: 0.2ms)


Started GET "/" for ::1 at 2015-09-28 19:28:53 -0700
Processing by StaticPagesController#home as HTML
  Rendered static_pages/home.html.erb within layouts/application (0.4ms)
Completed 200 OK in 96ms (Views: 95.7ms | ActiveRecord: 0.0ms)


Started GET "/users/sign_in" for ::1 at 2015-09-28 19:28:54 -0700
Processing by Devise::SessionsController#new as HTML
  Rendered /Users/rliaw/.rvm/gems/ruby-2.2.1/gems/devise-3.5.2/app/views/devise/shared/_links.html.erb (0.3ms)
  Rendered /Users/rliaw/.rvm/gems/ruby-2.2.1/gems/devise-3.5.2/app/views/devise/sessions/new.html.erb within layouts/application (11.9ms)
Completed 200 OK in 116ms (Views: 115.5ms | ActiveRecord: 0.0ms)


Started POST "/users/sign_in" for ::1 at 2015-09-28 19:29:00 -0700
Processing by Devise::SessionsController#create as HTML
  Parameters: {"utf8"=>"✓", "authenticity_token"=>"6+pPizfsMpK2QQpU3puOkByhxZACR88lecVHKogXs5vXyALxokaz0CITsjGIcaGdjrDYioEeMYu/ov4YWMmcGQ==", "user"=>{"email"=>"test@test.com", "password"=>"[FILTERED]", "remember_me"=>"0"}, "commit"=>"Log in"}
  [1m[35mUser Load (0.2ms)[0m  SELECT  "users".* FROM "users" WHERE "users"."email" = ?  ORDER BY "users"."id" ASC LIMIT 1  [["email", "test@test.com"]]
  [1m[36m (0.1ms)[0m  [1mbegin transaction[0m
  [1m[35mSQL (0.4ms)[0m  UPDATE "users" SET "current_sign_in_at" = ?, "sign_in_count" = ?, "updated_at" = ? WHERE "users"."id" = ?  [["current_sign_in_at", "2015-09-29 02:29:00.219208"], ["sign_in_count", 2], ["updated_at", "2015-09-29 02:29:00.219958"], ["id", 1]]
  [1m[36m (0.9ms)[0m  [1mcommit transaction[0m
Redirected to http://localhost:3000/
Completed 302 Found in 79ms (ActiveRecord: 1.5ms)


Started GET "/" for ::1 at 2015-09-28 19:29:00 -0700
Processing by StaticPagesController#home as HTML
  [1m[35mUser Load (0.1ms)[0m  SELECT  "users".* FROM "users" WHERE "users"."id" = ?  ORDER BY "users"."id" ASC LIMIT 1  [["id", 1]]
  Rendered static_pages/home.html.erb within layouts/application (1.3ms)
Completed 200 OK in 99ms (Views: 98.2ms | ActiveRecord: 0.1ms)


Started GET "/" for ::1 at 2015-09-28 19:29:02 -0700
Processing by StaticPagesController#home as HTML
  [1m[36mUser Load (0.1ms)[0m  [1mSELECT  "users".* FROM "users" WHERE "users"."id" = ?  ORDER BY "users"."id" ASC LIMIT 1[0m  [["id", 1]]
  Rendered static_pages/home.html.erb within layouts/application (0.9ms)
Completed 200 OK in 90ms (Views: 89.1ms | ActiveRecord: 0.1ms)


Started GET "/assets/static_pages.self-e3b0c44298fc1c149afbf4c8996fb92427ae41e4649b934ca495991b7852b855.css?body=1" for ::1 at 2015-09-28 19:29:02 -0700


Started GET "/assets/jquery_ujs.self-d456baa54c1fa6be2ec3711f0a72ddf7a5b2f34a6b4f515f33767d6207b7d4b3.js?body=1" for ::1 at 2015-09-28 19:29:02 -0700


Started GET "/assets/custom.self-7230b676fb3da8f1dc8d28b23e48cc6a276826c06825b6e43e9f11416f267fde.css?body=1" for ::1 at 2015-09-28 19:29:02 -0700


Started GET "/assets/application.self-e80e8f2318043e8af94dddc2adad5a4f09739a8ebb323b3ab31cd71d45fd9113.css?body=1" for ::1 at 2015-09-28 19:29:02 -0700


Started GET "/assets/jquery.self-a714331225dda820228db323939889f149aec0127aeb06255646b616ba1ca419.js?body=1" for ::1 at 2015-09-28 19:29:03 -0700


Started GET "/assets/bootstrap/affix.self-f7aef9d98ee5ece34a6a92a6a15bba777d93e8d908b75c95a85088277f394200.js?body=1" for ::1 at 2015-09-28 19:29:03 -0700


Started GET "/assets/bootstrap/alert.self-896ab026e6823f5cef2441e07dac53d0692a5b772ac58b1ce20aa624c342d3f4.js?body=1" for ::1 at 2015-09-28 19:29:03 -0700


Started GET "/assets/bootstrap/button.self-d19f3e2bcd3a7a4d75c11b9141b3fabd2c11987da1e99c85548ec3ecf8db30c3.js?body=1" for ::1 at 2015-09-28 19:29:03 -0700


Started GET "/assets/bootstrap/carousel.self-b2e5e14483e6c31343a83861b7d487620f143d6fc2d07d5ae7544b6b225ba6be.js?body=1" for ::1 at 2015-09-28 19:29:03 -0700


Started GET "/assets/bootstrap/collapse.self-93820e9b486e375a7fb4477602def3a6f8381fa6d50938d5378297ffbe4a1248.js?body=1" for ::1 at 2015-09-28 19:29:03 -0700


Started GET "/assets/bootstrap/dropdown.self-30536ae4d54b2685c26b5787ed0eb549a9075717fe690cce6270873bedf2df00.js?body=1" for ::1 at 2015-09-28 19:29:03 -0700


Started GET "/assets/bootstrap/tab.self-9b77df34cbbb08ec93a806d6cdb741f04e3dbf3389978a0679146f2d2987bc89.js?body=1" for ::1 at 2015-09-28 19:29:03 -0700


Started GET "/assets/bootstrap/transition.self-9616c4e856b57659b67da3c6f2adcd584b5601ef4bebcdadab8ebb387d80bb25.js?body=1" for ::1 at 2015-09-28 19:29:03 -0700


Started GET "/assets/bootstrap/scrollspy.self-c5c6ed008955656d345067e9821d79f1216b8383134d08465d4aa1a33a2b93b4.js?body=1" for ::1 at 2015-09-28 19:29:03 -0700


Started GET "/assets/bootstrap/modal.self-bcfe54f3132bf16a8c5ce4289e47eba488f6522a08f49f378a037061c6c7aa4c.js?body=1" for ::1 at 2015-09-28 19:29:03 -0700


Started GET "/assets/bootstrap/tooltip.self-3aa41fbe871573b34e0ebddf31598cd5a11a9841ca85f90934ea46326e46626d.js?body=1" for ::1 at 2015-09-28 19:29:03 -0700


Started GET "/assets/bootstrap/popover.self-b73e9c9111d01148e24bbc46e096782e024dc5db630e7078cf11ed2587ef8551.js?body=1" for ::1 at 2015-09-28 19:29:03 -0700


Started GET "/assets/bootstrap-sprockets.self-fbfa5ad7d9aa0afe439ec4ff3883acc4cb92b62cb67c40d674320c9aa1d4642d.js?body=1" for ::1 at 2015-09-28 19:29:03 -0700


Started GET "/assets/turbolinks.self-c37727e9bd6b2735da5c311aa83fead54ed0be6cc8bd9a65309e9c5abe2cbfff.js?body=1" for ::1 at 2015-09-28 19:29:03 -0700


Started GET "/assets/static_pages.self-877aef30ae1b040ab8a3aba4e3e309a11d7f2612f44dde450b5c157aa5f95c05.js?body=1" for ::1 at 2015-09-28 19:29:03 -0700


Started GET "/assets/application.self-f8806224e027f3e3f0138ea9ce99319e298dfdb323304d1f1be6eae8e8c74724.js?body=1" for ::1 at 2015-09-28 19:29:03 -0700


Started GET "/" for ::1 at 2015-09-28 19:30:55 -0700
Processing by StaticPagesController#home as HTML
  [1m[35mUser Load (0.1ms)[0m  SELECT  "users".* FROM "users" WHERE "users"."id" = ?  ORDER BY "users"."id" ASC LIMIT 1  [["id", 1]]
  Rendered static_pages/home.html.erb within layouts/application (1.6ms)
Completed 200 OK in 102ms (Views: 101.3ms | ActiveRecord: 0.1ms)


Started GET "/" for ::1 at 2015-09-28 19:31:17 -0700
Processing by StaticPagesController#home as HTML
  [1m[36mUser Load (0.1ms)[0m  [1mSELECT  "users".* FROM "users" WHERE "users"."id" = ?  ORDER BY "users"."id" ASC LIMIT 1[0m  [["id", 1]]
  Rendered static_pages/home.html.erb within layouts/application (1.5ms)
Completed 200 OK in 90ms (Views: 89.9ms | ActiveRecord: 0.1ms)


Started GET "/assets/custom.self-7230b676fb3da8f1dc8d28b23e48cc6a276826c06825b6e43e9f11416f267fde.css?body=1" for ::1 at 2015-09-28 19:31:17 -0700


Started GET "/assets/application.self-e80e8f2318043e8af94dddc2adad5a4f09739a8ebb323b3ab31cd71d45fd9113.css?body=1" for ::1 at 2015-09-28 19:31:17 -0700


Started GET "/assets/static_pages.self-e3b0c44298fc1c149afbf4c8996fb92427ae41e4649b934ca495991b7852b855.css?body=1" for ::1 at 2015-09-28 19:31:17 -0700


Started GET "/assets/bootstrap/affix.self-f7aef9d98ee5ece34a6a92a6a15bba777d93e8d908b75c95a85088277f394200.js?body=1" for ::1 at 2015-09-28 19:31:17 -0700


Started GET "/assets/jquery_ujs.self-d456baa54c1fa6be2ec3711f0a72ddf7a5b2f34a6b4f515f33767d6207b7d4b3.js?body=1" for ::1 at 2015-09-28 19:31:17 -0700


Started GET "/assets/jquery.self-a714331225dda820228db323939889f149aec0127aeb06255646b616ba1ca419.js?body=1" for ::1 at 2015-09-28 19:31:17 -0700


Started GET "/assets/bootstrap/alert.self-896ab026e6823f5cef2441e07dac53d0692a5b772ac58b1ce20aa624c342d3f4.js?body=1" for ::1 at 2015-09-28 19:31:17 -0700


Started GET "/assets/bootstrap/button.self-d19f3e2bcd3a7a4d75c11b9141b3fabd2c11987da1e99c85548ec3ecf8db30c3.js?body=1" for ::1 at 2015-09-28 19:31:17 -0700


Started GET "/assets/bootstrap/carousel.self-b2e5e14483e6c31343a83861b7d487620f143d6fc2d07d5ae7544b6b225ba6be.js?body=1" for ::1 at 2015-09-28 19:31:17 -0700


Started GET "/assets/bootstrap/collapse.self-93820e9b486e375a7fb4477602def3a6f8381fa6d50938d5378297ffbe4a1248.js?body=1" for ::1 at 2015-09-28 19:31:17 -0700


Started GET "/assets/bootstrap/dropdown.self-30536ae4d54b2685c26b5787ed0eb549a9075717fe690cce6270873bedf2df00.js?body=1" for ::1 at 2015-09-28 19:31:17 -0700


Started GET "/assets/bootstrap/tab.self-9b77df34cbbb08ec93a806d6cdb741f04e3dbf3389978a0679146f2d2987bc89.js?body=1" for ::1 at 2015-09-28 19:31:17 -0700


Started GET "/assets/bootstrap/transition.self-9616c4e856b57659b67da3c6f2adcd584b5601ef4bebcdadab8ebb387d80bb25.js?body=1" for ::1 at 2015-09-28 19:31:17 -0700


Started GET "/assets/bootstrap/scrollspy.self-c5c6ed008955656d345067e9821d79f1216b8383134d08465d4aa1a33a2b93b4.js?body=1" for ::1 at 2015-09-28 19:31:17 -0700


Started GET "/assets/bootstrap/modal.self-bcfe54f3132bf16a8c5ce4289e47eba488f6522a08f49f378a037061c6c7aa4c.js?body=1" for ::1 at 2015-09-28 19:31:17 -0700


Started GET "/assets/bootstrap/tooltip.self-3aa41fbe871573b34e0ebddf31598cd5a11a9841ca85f90934ea46326e46626d.js?body=1" for ::1 at 2015-09-28 19:31:17 -0700


Started GET "/assets/bootstrap/popover.self-b73e9c9111d01148e24bbc46e096782e024dc5db630e7078cf11ed2587ef8551.js?body=1" for ::1 at 2015-09-28 19:31:17 -0700


Started GET "/assets/bootstrap-sprockets.self-fbfa5ad7d9aa0afe439ec4ff3883acc4cb92b62cb67c40d674320c9aa1d4642d.js?body=1" for ::1 at 2015-09-28 19:31:17 -0700


Started GET "/assets/turbolinks.self-c37727e9bd6b2735da5c311aa83fead54ed0be6cc8bd9a65309e9c5abe2cbfff.js?body=1" for ::1 at 2015-09-28 19:31:17 -0700


Started GET "/assets/static_pages.self-877aef30ae1b040ab8a3aba4e3e309a11d7f2612f44dde450b5c157aa5f95c05.js?body=1" for ::1 at 2015-09-28 19:31:17 -0700


Started GET "/assets/application.self-f8806224e027f3e3f0138ea9ce99319e298dfdb323304d1f1be6eae8e8c74724.js?body=1" for ::1 at 2015-09-28 19:31:17 -0700


Started GET "/" for ::1 at 2015-09-28 19:48:54 -0700
Processing by StaticPagesController#home as HTML
  [1m[35mUser Load (0.1ms)[0m  SELECT  "users".* FROM "users" WHERE "users"."id" = ?  ORDER BY "users"."id" ASC LIMIT 1  [["id", 1]]
  Rendered static_pages/home.html.erb within layouts/application (1.6ms)
Completed 200 OK in 128ms (Views: 127.1ms | ActiveRecord: 0.1ms)
